<?xml version="1.0" encoding="UTF-8"?>
<!-- Generated by org.testng.reporters.JUnitXMLReporter -->
<testsuite hostname="LAPTOP-0DUL1HQI" ignored="0" name="Default test" tests="3" failures="0" timestamp="09 Mar 2022 05:52:14 GMT" time="10.124" errors="0">
  <testcase name="login" time="1.1" classname="org.test.DataproviderDemo"/>
  <testcase name="login" time="0.478" classname="org.test.DataproviderDemo"/>
  <testcase name="login" time="0.55" classname="org.test.DataproviderDemo"/>
</testsuite> <!-- Default test -->
