<?xml version="1.0" encoding="UTF-8"?>
<testng-results skipped="0" failed="0" ignored="0" total="3" passed="3">
  <reporter-output>
  </reporter-output>
  <suite name="Default suite" duration-ms="10124" started-at="2022-03-09T05:52:04Z" finished-at="2022-03-09T05:52:14Z">
    <groups>
    </groups>
    <test name="Default test" duration-ms="10124" started-at="2022-03-09T05:52:04Z" finished-at="2022-03-09T05:52:14Z">
      <class name="org.test.DataproviderDemo">
        <test-method status="PASS" signature="launch()[pri:0, instance:org.test.DataproviderDemo@49993335]" name="launch" is-config="true" duration-ms="7982" started-at="2022-03-09T11:22:04Z" finished-at="2022-03-09T11:22:12Z">
          <reporter-output>
          </reporter-output>
        </test-method> <!-- launch -->
        <test-method status="PASS" signature="login(java.lang.String, java.lang.String)[pri:0, instance:org.test.DataproviderDemo@49993335]" name="login" duration-ms="1100" started-at="2022-03-09T11:22:12Z" data-provider="data" finished-at="2022-03-09T11:22:13Z">
          <params>
            <param index="0">
              <value>
                <![CDATA[Nithyasundari]]>
              </value>
            </param>
            <param index="1">
              <value>
                <![CDATA[sfi4]]>
              </value>
            </param>
          </params>
          <reporter-output>
          </reporter-output>
        </test-method> <!-- login -->
        <test-method status="PASS" signature="login(java.lang.String, java.lang.String)[pri:0, instance:org.test.DataproviderDemo@49993335]" name="login" duration-ms="478" started-at="2022-03-09T11:22:13Z" data-provider="data" finished-at="2022-03-09T11:22:13Z">
          <params>
            <param index="0">
              <value>
                <![CDATA[qfasg]]>
              </value>
            </param>
            <param index="1">
              <value>
                <![CDATA[13dg]]>
              </value>
            </param>
          </params>
          <reporter-output>
          </reporter-output>
        </test-method> <!-- login -->
        <test-method status="PASS" signature="login(java.lang.String, java.lang.String)[pri:0, instance:org.test.DataproviderDemo@49993335]" name="login" duration-ms="550" started-at="2022-03-09T11:22:13Z" data-provider="data" finished-at="2022-03-09T11:22:14Z">
          <params>
            <param index="0">
              <value>
                <![CDATA[Nithyasundari]]>
              </value>
            </param>
            <param index="1">
              <value>
                <![CDATA[Madhudeva@123]]>
              </value>
            </param>
          </params>
          <reporter-output>
          </reporter-output>
        </test-method> <!-- login -->
      </class> <!-- org.test.DataproviderDemo -->
    </test> <!-- Default test -->
  </suite> <!-- Default suite -->
</testng-results>
